Hmm...  Looks like a unified diff to me...
The text leading up to this was:
--------------------------
|diff -ipuwr --binary --strip-trailing-cr -x '*.bak' -x '*.orig' -x '*.rej' -x '*.new' -x '*~' -x debian -x '*.po' -x '*.pot' dmidecode-2.8-orig/AUTHORS dmidecode-2.8-src/AUTHORS
|--- dmidecode-2.8-orig/AUTHORS	2006-01-22 00:08:35.000000000 +0100
|+++ dmidecode-2.8-src/AUTHORS	2006-11-15 16:27:02.000000000 +0100
--------------------------
Patching file AUTHORS using Plan A...
Hunk #1 FAILED at 63.
Not setting time of file AUTHORS (time mismatch)
1 out of 1 hunk FAILED -- saving rejects to file AUTHORS.rej
Hmm...  The next patch looks like a unified diff to me...
The text leading up to this was:
--------------------------
|diff -ipuwr --binary --strip-trailing-cr -x '*.bak' -x '*.orig' -x '*.rej' -x '*.new' -x '*~' -x debian -x '*.po' -x '*.pot' dmidecode-2.8-orig/dmidecode.c dmidecode-2.8-src/dmidecode.c
|--- dmidecode-2.8-orig/dmidecode.c	2005-10-06 19:51:12.000000000 +0200
|+++ dmidecode-2.8-src/dmidecode.c	2007-02-12 15:59:50.000000000 +0100
--------------------------
Patching file dmidecode.c using Plan A...
Hunk #1 FAILED at 63.
Hunk #2 succeeded at 3998 with fuzz 1 (offset 198 lines).
Hunk #3 FAILED at 4012.
Hunk #4 FAILED at 4032.
Hunk #5 FAILED at 4141.
Hunk #6 FAILED at 4235.
Not setting time of file dmidecode.c (time mismatch)
5 out of 6 hunks FAILED -- saving rejects to file dmidecode.c.rej
Hmm...  The next patch looks like a unified diff to me...
The text leading up to this was:
--------------------------
|diff -ipuwr --binary --strip-trailing-cr -x '*.bak' -x '*.orig' -x '*.rej' -x '*.new' -x '*~' -x debian -x '*.po' -x '*.pot' dmidecode-2.8-orig/types.h dmidecode-2.8-src/types.h
|--- dmidecode-2.8-orig/types.h	2004-04-22 22:08:09.000000000 +0200
|+++ dmidecode-2.8-src/types.h	2006-11-15 16:42:30.000000000 +0100
--------------------------
Patching file types.h using Plan A...
Hunk #1 succeeded at 8 with fuzz 2 (offset 2 lines).
Not setting time of file types.h (time mismatch)
Hmm...  The next patch looks like a unified diff to me...
The text leading up to this was:
--------------------------
|diff -ipuwr --binary --strip-trailing-cr -x '*.bak' -x '*.orig' -x '*.rej' -x '*.new' -x '*~' -x debian -x '*.po' -x '*.pot' dmidecode-2.8-orig/util.c dmidecode-2.8-src/util.c
|--- dmidecode-2.8-orig/util.c	2005-02-12 17:53:19.000000000 +0100
|+++ dmidecode-2.8-src/util.c	2006-11-15 16:27:04.000000000 +0100
--------------------------
Patching file util.c using Plan A...
Hunk #1 succeeded at 30.
Hunk #2 succeeded at 96 with fuzz 1.
Hunk #3 succeeded at 218 with fuzz 2 (offset 40 lines).
Not setting time of file util.c (time mismatch)
done
